<?xml version="1.0" encoding="UTF-8"?>
<coverage generated="1710525404855" clover="3.2.0">
  <project timestamp="1710525404855" name="All files">
    <metrics statements="258" coveredstatements="216" conditionals="46" coveredconditionals="33" methods="32" coveredmethods="29" elements="336" coveredelements="278" complexity="0" loc="258" ncloc="258" packages="6" files="20" classes="20"/>
    <package name="Server">
      <metrics statements="13" coveredstatements="13" conditionals="2" coveredconditionals="1" methods="0" coveredmethods="0"/>
      <file name="app.js" path="C:\Users\Hactiv8\phase2\W3\IP-RMT46\Server\app.js">
        <metrics statements="13" coveredstatements="13" conditionals="2" coveredconditionals="1" methods="0" coveredmethods="0"/>
        <line num="1" count="5" type="cond" truecount="1" falsecount="1"/>
        <line num="2" count="5" type="stmt"/>
        <line num="6" count="5" type="stmt"/>
        <line num="7" count="5" type="stmt"/>
        <line num="9" count="5" type="stmt"/>
        <line num="10" count="5" type="stmt"/>
        <line num="11" count="5" type="stmt"/>
        <line num="13" count="5" type="stmt"/>
        <line num="14" count="5" type="stmt"/>
        <line num="15" count="5" type="stmt"/>
        <line num="16" count="5" type="stmt"/>
        <line num="18" count="5" type="stmt"/>
        <line num="20" count="5" type="stmt"/>
      </file>
    </package>
    <package name="Server.Controllers">
      <metrics statements="110" coveredstatements="75" conditionals="18" coveredconditionals="12" methods="13" coveredmethods="11"/>
      <file name="CartController.js" path="C:\Users\Hactiv8\phase2\W3\IP-RMT46\Server\Controllers\CartController.js">
        <metrics statements="27" coveredstatements="18" conditionals="0" coveredconditionals="0" methods="5" coveredmethods="4"/>
        <line num="1" count="5" type="stmt"/>
        <line num="5" count="1" type="stmt"/>
        <line num="6" count="1" type="stmt"/>
        <line num="15" count="0" type="stmt"/>
        <line num="17" count="1" type="stmt"/>
        <line num="22" count="1" type="stmt"/>
        <line num="23" count="1" type="stmt"/>
        <line num="24" count="1" type="stmt"/>
        <line num="25" count="1" type="stmt"/>
        <line num="27" count="0" type="stmt"/>
        <line num="32" count="2" type="stmt"/>
        <line num="34" count="2" type="stmt"/>
        <line num="35" count="1" type="stmt"/>
        <line num="37" count="1" type="stmt"/>
        <line num="42" count="1" type="stmt"/>
        <line num="43" count="1" type="stmt"/>
        <line num="44" count="1" type="stmt"/>
        <line num="45" count="1" type="stmt"/>
        <line num="50" count="0" type="stmt"/>
        <line num="54" count="1" type="stmt"/>
        <line num="59" count="0" type="stmt"/>
        <line num="60" count="0" type="stmt"/>
        <line num="61" count="0" type="stmt"/>
        <line num="62" count="0" type="stmt"/>
        <line num="63" count="0" type="stmt"/>
        <line num="67" count="0" type="stmt"/>
        <line num="72" count="5" type="stmt"/>
      </file>
      <file name="ProductController.js" path="C:\Users\Hactiv8\phase2\W3\IP-RMT46\Server\Controllers\ProductController.js">
        <metrics statements="13" coveredstatements="10" conditionals="2" coveredconditionals="1" methods="2" coveredmethods="2"/>
        <line num="1" count="5" type="stmt"/>
        <line num="5" count="1" type="stmt"/>
        <line num="6" count="1" type="stmt"/>
        <line num="7" count="1" type="stmt"/>
        <line num="9" count="0" type="stmt"/>
        <line num="14" count="1" type="stmt"/>
        <line num="15" count="1" type="stmt"/>
        <line num="16" count="1" type="stmt"/>
        <line num="17" count="1" type="cond" truecount="1" falsecount="1"/>
        <line num="18" count="0" type="stmt"/>
        <line num="22" count="1" type="stmt"/>
        <line num="24" count="0" type="stmt"/>
        <line num="30" count="5" type="stmt"/>
      </file>
      <file name="ProofController.js" path="C:\Users\Hactiv8\phase2\W3\IP-RMT46\Server\Controllers\ProofController.js">
        <metrics statements="19" coveredstatements="10" conditionals="4" coveredconditionals="1" methods="1" coveredmethods="1"/>
        <line num="1" count="5" type="stmt"/>
        <line num="3" count="5" type="stmt"/>
        <line num="4" count="5" type="stmt"/>
        <line num="5" count="5" type="stmt"/>
        <line num="7" count="5" type="stmt"/>
        <line num="8" count="5" type="stmt"/>
        <line num="16" count="2" type="stmt"/>
        <line num="17" count="2" type="cond" truecount="1" falsecount="1"/>
        <line num="19" count="0" type="stmt"/>
        <line num="20" count="0" type="stmt"/>
        <line num="21" count="0" type="stmt"/>
        <line num="22" count="0" type="stmt"/>
        <line num="23" count="0" type="stmt"/>
        <line num="27" count="0" type="stmt"/>
        <line num="28" count="0" type="cond" truecount="0" falsecount="2"/>
        <line num="30" count="0" type="stmt"/>
        <line num="31" count="0" type="stmt"/>
        <line num="33" count="2" type="stmt"/>
        <line num="36" count="5" type="stmt"/>
      </file>
      <file name="PublicController.js" path="C:\Users\Hactiv8\phase2\W3\IP-RMT46\Server\Controllers\PublicController.js">
        <metrics statements="17" coveredstatements="15" conditionals="4" coveredconditionals="3" methods="2" coveredmethods="2"/>
        <line num="1" count="5" type="stmt"/>
        <line num="4" count="1" type="stmt"/>
        <line num="5" count="1" type="stmt"/>
        <line num="6" count="1" type="stmt"/>
        <line num="7" count="1" type="cond" truecount="1" falsecount="1"/>
        <line num="8" count="0" type="stmt"/>
        <line num="13" count="1" type="stmt"/>
        <line num="17" count="1" type="stmt"/>
        <line num="19" count="0" type="stmt"/>
        <line num="24" count="2" type="stmt"/>
        <line num="25" count="2" type="stmt"/>
        <line num="26" count="2" type="stmt"/>
        <line num="27" count="2" type="cond" truecount="2" falsecount="0"/>
        <line num="28" count="1" type="stmt"/>
        <line num="32" count="1" type="stmt"/>
        <line num="35" count="1" type="stmt"/>
        <line num="41" count="5" type="stmt"/>
      </file>
      <file name="UserController.js" path="C:\Users\Hactiv8\phase2\W3\IP-RMT46\Server\Controllers\UserController.js">
        <metrics statements="34" coveredstatements="22" conditionals="8" coveredconditionals="7" methods="3" coveredmethods="2"/>
        <line num="1" count="5" type="stmt"/>
        <line num="2" count="5" type="stmt"/>
        <line num="3" count="5" type="stmt"/>
        <line num="4" count="5" type="stmt"/>
        <line num="5" count="5" type="stmt"/>
        <line num="9" count="6" type="stmt"/>
        <line num="10" count="6" type="stmt"/>
        <line num="11" count="6" type="stmt"/>
        <line num="15" count="1" type="stmt"/>
        <line num="17" count="5" type="stmt"/>
        <line num="22" count="5" type="stmt"/>
        <line num="23" count="5" type="stmt"/>
        <line num="24" count="5" type="cond" truecount="2" falsecount="0"/>
        <line num="25" count="2" type="stmt"/>
        <line num="32" count="3" type="cond" truecount="2" falsecount="0"/>
        <line num="33" count="2" type="stmt"/>
        <line num="40" count="1" type="stmt"/>
        <line num="45" count="1" type="cond" truecount="3" falsecount="1"/>
        <line num="46" count="0" type="stmt"/>
        <line num="53" count="1" type="stmt"/>
        <line num="54" count="1" type="stmt"/>
        <line num="56" count="4" type="stmt"/>
        <line num="61" count="0" type="stmt"/>
        <line num="62" count="0" type="stmt"/>
        <line num="63" count="0" type="stmt"/>
        <line num="64" count="0" type="stmt"/>
        <line num="69" count="0" type="stmt"/>
        <line num="70" count="0" type="stmt"/>
        <line num="71" count="0" type="stmt"/>
        <line num="80" count="0" type="stmt"/>
        <line num="82" count="0" type="stmt"/>
        <line num="83" count="0" type="stmt"/>
        <line num="87" count="0" type="stmt"/>
        <line num="92" count="5" type="stmt"/>
      </file>
    </package>
    <package name="Server.helpers">
      <metrics statements="9" coveredstatements="9" conditionals="0" coveredconditionals="0" methods="4" coveredmethods="4"/>
      <file name="bcrypt.js" path="C:\Users\Hactiv8\phase2\W3\IP-RMT46\Server\helpers\bcrypt.js">
        <metrics statements="4" coveredstatements="4" conditionals="0" coveredconditionals="0" methods="2" coveredmethods="2"/>
        <line num="1" count="5" type="stmt"/>
        <line num="3" count="5" type="stmt"/>
        <line num="4" count="10" type="stmt"/>
        <line num="6" count="1" type="stmt"/>
      </file>
      <file name="jwt.js" path="C:\Users\Hactiv8\phase2\W3\IP-RMT46\Server\helpers\jwt.js">
        <metrics statements="5" coveredstatements="5" conditionals="0" coveredconditionals="0" methods="2" coveredmethods="2"/>
        <line num="1" count="5" type="stmt"/>
        <line num="2" count="5" type="stmt"/>
        <line num="5" count="9" type="stmt"/>
        <line num="9" count="14" type="stmt"/>
        <line num="12" count="5" type="stmt"/>
      </file>
    </package>
    <package name="Server.middlewares">
      <metrics statements="34" coveredstatements="29" conditionals="16" coveredconditionals="13" methods="2" coveredmethods="2"/>
      <file name="authentication.js" path="C:\Users\Hactiv8\phase2\W3\IP-RMT46\Server\middlewares\authentication.js">
        <metrics statements="17" coveredstatements="15" conditionals="6" coveredconditionals="4" methods="1" coveredmethods="1"/>
        <line num="1" count="5" type="stmt"/>
        <line num="2" count="5" type="stmt"/>
        <line num="6" count="22" type="stmt"/>
        <line num="7" count="22" type="stmt"/>
        <line num="8" count="22" type="cond" truecount="2" falsecount="0"/>
        <line num="9" count="8" type="stmt"/>
        <line num="12" count="14" type="stmt"/>
        <line num="13" count="14" type="cond" truecount="1" falsecount="1"/>
        <line num="14" count="0" type="stmt"/>
        <line num="17" count="14" type="stmt"/>
        <line num="18" count="9" type="stmt"/>
        <line num="19" count="9" type="cond" truecount="1" falsecount="1"/>
        <line num="20" count="0" type="stmt"/>
        <line num="23" count="9" type="stmt"/>
        <line num="27" count="9" type="stmt"/>
        <line num="29" count="13" type="stmt"/>
        <line num="33" count="5" type="stmt"/>
      </file>
      <file name="errorHandler.js" path="C:\Users\Hactiv8\phase2\W3\IP-RMT46\Server\middlewares\errorHandler.js">
        <metrics statements="17" coveredstatements="14" conditionals="10" coveredconditionals="9" methods="1" coveredmethods="1"/>
        <line num="1" count="5" type="stmt"/>
        <line num="2" count="28" type="cond" truecount="2" falsecount="0"/>
        <line num="3" count="28" type="cond" truecount="2" falsecount="0"/>
        <line num="5" count="28" type="cond" truecount="5" falsecount="1"/>
        <line num="8" count="6" type="stmt"/>
        <line num="9" count="6" type="stmt"/>
        <line num="10" count="6" type="stmt"/>
        <line num="13" count="13" type="stmt"/>
        <line num="14" count="13" type="stmt"/>
        <line num="15" count="13" type="stmt"/>
        <line num="17" count="0" type="stmt"/>
        <line num="18" count="0" type="stmt"/>
        <line num="19" count="0" type="stmt"/>
        <line num="21" count="1" type="stmt"/>
        <line num="22" count="1" type="stmt"/>
        <line num="23" count="1" type="stmt"/>
        <line num="25" count="28" type="stmt"/>
      </file>
    </package>
    <package name="Server.models">
      <metrics statements="45" coveredstatements="44" conditionals="10" coveredconditionals="7" methods="12" coveredmethods="12"/>
      <file name="cart.js" path="C:\Users\Hactiv8\phase2\W3\IP-RMT46\Server\models\cart.js">
        <metrics statements="6" coveredstatements="6" conditionals="0" coveredconditionals="0" methods="2" coveredmethods="2"/>
        <line num="4" count="5" type="stmt"/>
        <line num="5" count="5" type="stmt"/>
        <line num="14" count="5" type="stmt"/>
        <line num="15" count="5" type="stmt"/>
        <line num="18" count="5" type="stmt"/>
        <line num="54" count="5" type="stmt"/>
      </file>
      <file name="index.js" path="C:\Users\Hactiv8\phase2\W3\IP-RMT46\Server\models\index.js">
        <metrics statements="21" coveredstatements="20" conditionals="10" coveredconditionals="7" methods="3" coveredmethods="3"/>
        <line num="3" count="5" type="stmt"/>
        <line num="4" count="5" type="stmt"/>
        <line num="5" count="5" type="stmt"/>
        <line num="6" count="5" type="stmt"/>
        <line num="7" count="5" type="stmt"/>
        <line num="8" count="5" type="cond" truecount="1" falsecount="1"/>
        <line num="9" count="5" type="stmt"/>
        <line num="10" count="5" type="stmt"/>
        <line num="13" count="5" type="cond" truecount="1" falsecount="1"/>
        <line num="14" count="0" type="stmt"/>
        <line num="16" count="5" type="stmt"/>
        <line num="19" count="5" type="stmt"/>
        <line num="22" count="25" type="stmt"/>
        <line num="30" count="20" type="stmt"/>
        <line num="31" count="20" type="stmt"/>
        <line num="34" count="5" type="stmt"/>
        <line num="35" count="20" type="cond" truecount="1" falsecount="1"/>
        <line num="36" count="20" type="stmt"/>
        <line num="40" count="5" type="stmt"/>
        <line num="41" count="5" type="stmt"/>
        <line num="43" count="5" type="stmt"/>
      </file>
      <file name="product.js" path="C:\Users\Hactiv8\phase2\W3\IP-RMT46\Server\models\product.js">
        <metrics statements="5" coveredstatements="5" conditionals="0" coveredconditionals="0" methods="2" coveredmethods="2"/>
        <line num="4" count="5" type="stmt"/>
        <line num="5" count="5" type="stmt"/>
        <line num="14" count="5" type="stmt"/>
        <line num="17" count="5" type="stmt"/>
        <line num="62" count="5" type="stmt"/>
      </file>
      <file name="proof.js" path="C:\Users\Hactiv8\phase2\W3\IP-RMT46\Server\models\proof.js">
        <metrics statements="5" coveredstatements="5" conditionals="0" coveredconditionals="0" methods="2" coveredmethods="2"/>
        <line num="4" count="5" type="stmt"/>
        <line num="5" count="5" type="stmt"/>
        <line num="14" count="5" type="stmt"/>
        <line num="17" count="5" type="stmt"/>
        <line num="44" count="5" type="stmt"/>
      </file>
      <file name="user.js" path="C:\Users\Hactiv8\phase2\W3\IP-RMT46\Server\models\user.js">
        <metrics statements="8" coveredstatements="8" conditionals="0" coveredconditionals="0" methods="3" coveredmethods="3"/>
        <line num="4" count="5" type="stmt"/>
        <line num="5" count="5" type="stmt"/>
        <line num="6" count="5" type="stmt"/>
        <line num="15" count="5" type="stmt"/>
        <line num="16" count="5" type="stmt"/>
        <line num="19" count="5" type="stmt"/>
        <line num="62" count="2" type="stmt"/>
        <line num="68" count="5" type="stmt"/>
      </file>
    </package>
    <package name="Server.router">
      <metrics statements="47" coveredstatements="46" conditionals="0" coveredconditionals="0" methods="1" coveredmethods="0"/>
      <file name="cart.js" path="C:\Users\Hactiv8\phase2\W3\IP-RMT46\Server\router\cart.js">
        <metrics statements="11" coveredstatements="11" conditionals="0" coveredconditionals="0" methods="0" coveredmethods="0"/>
        <line num="1" count="5" type="stmt"/>
        <line num="2" count="5" type="stmt"/>
        <line num="3" count="5" type="stmt"/>
        <line num="5" count="5" type="stmt"/>
        <line num="7" count="5" type="stmt"/>
        <line num="9" count="5" type="stmt"/>
        <line num="10" count="5" type="stmt"/>
        <line num="11" count="5" type="stmt"/>
        <line num="12" count="5" type="stmt"/>
        <line num="13" count="5" type="stmt"/>
        <line num="15" count="5" type="stmt"/>
      </file>
      <file name="index.js" path="C:\Users\Hactiv8\phase2\W3\IP-RMT46\Server\router\index.js">
        <metrics statements="13" coveredstatements="12" conditionals="0" coveredconditionals="0" methods="1" coveredmethods="0"/>
        <line num="1" count="5" type="stmt"/>
        <line num="2" count="5" type="stmt"/>
        <line num="3" count="5" type="stmt"/>
        <line num="5" count="5" type="stmt"/>
        <line num="6" count="5" type="stmt"/>
        <line num="7" count="5" type="stmt"/>
        <line num="9" count="5" type="stmt"/>
        <line num="10" count="0" type="stmt"/>
        <line num="13" count="5" type="stmt"/>
        <line num="15" count="5" type="stmt"/>
        <line num="17" count="5" type="stmt"/>
        <line num="19" count="5" type="stmt"/>
        <line num="35" count="5" type="stmt"/>
      </file>
      <file name="product.js" path="C:\Users\Hactiv8\phase2\W3\IP-RMT46\Server\router\product.js">
        <metrics statements="8" coveredstatements="8" conditionals="0" coveredconditionals="0" methods="0" coveredmethods="0"/>
        <line num="1" count="5" type="stmt"/>
        <line num="2" count="5" type="stmt"/>
        <line num="3" count="5" type="stmt"/>
        <line num="4" count="5" type="stmt"/>
        <line num="8" count="5" type="stmt"/>
        <line num="11" count="5" type="stmt"/>
        <line num="12" count="5" type="stmt"/>
        <line num="16" count="5" type="stmt"/>
      </file>
      <file name="proof.js" path="C:\Users\Hactiv8\phase2\W3\IP-RMT46\Server\router\proof.js">
        <metrics statements="9" coveredstatements="9" conditionals="0" coveredconditionals="0" methods="0" coveredmethods="0"/>
        <line num="1" count="5" type="stmt"/>
        <line num="2" count="5" type="stmt"/>
        <line num="3" count="5" type="stmt"/>
        <line num="4" count="5" type="stmt"/>
        <line num="7" count="5" type="stmt"/>
        <line num="9" count="5" type="stmt"/>
        <line num="11" count="5" type="stmt"/>
        <line num="13" count="5" type="stmt"/>
        <line num="15" count="5" type="stmt"/>
      </file>
      <file name="public.js" path="C:\Users\Hactiv8\phase2\W3\IP-RMT46\Server\router\public.js">
        <metrics statements="6" coveredstatements="6" conditionals="0" coveredconditionals="0" methods="0" coveredmethods="0"/>
        <line num="1" count="5" type="stmt"/>
        <line num="2" count="5" type="stmt"/>
        <line num="3" count="5" type="stmt"/>
        <line num="5" count="5" type="stmt"/>
        <line num="6" count="5" type="stmt"/>
        <line num="8" count="5" type="stmt"/>
      </file>
    </package>
  </project>
</coverage>
