{"C:\\Users\\Hactiv8\\phase2\\W3\\IP-RMT46\\Server\\app.js": {"path":"C:\\Users\\Hactiv8\\phase2\\W3\\IP-RMT46\\Server\\app.js","statementMap":{"0":{"start":{"line":1,"column":0},"end":{"line":3,"column":3}},"1":{"start":{"line":2,"column":4},"end":{"line":2,"column":31}},"2":{"start":{"line":6,"column":18},"end":{"line":6,"column":36}},"3":{"start":{"line":7,"column":23},"end":{"line":7,"column":60}},"4":{"start":{"line":9,"column":14},"end":{"line":9,"column":23}},"5":{"start":{"line":10,"column":17},"end":{"line":10,"column":36}},"6":{"start":{"line":11,"column":15},"end":{"line":11,"column":30}},"7":{"start":{"line":13,"column":2},"end":{"line":13,"column":50}},"8":{"start":{"line":14,"column":2},"end":{"line":14,"column":26}},"9":{"start":{"line":15,"column":2},"end":{"line":15,"column":17}},"10":{"start":{"line":16,"column":2},"end":{"line":16,"column":17}},"11":{"start":{"line":18,"column":2},"end":{"line":18,"column":23}},"12":{"start":{"line":20,"column":2},"end":{"line":20,"column":22}}},"fnMap":{},"branchMap":{"0":{"loc":{"start":{"line":1,"column":0},"end":{"line":3,"column":3}},"type":"if","locations":[{"start":{"line":1,"column":0},"end":{"line":3,"column":3}},{"start":{},"end":{}}],"line":1}},"s":{"0":5,"1":5,"2":5,"3":5,"4":5,"5":5,"6":5,"7":5,"8":5,"9":5,"10":5,"11":5,"12":5},"f":{},"b":{"0":[5,0]},"_coverageSchema":"1a1c01bbd47fc00a2c39e90264f33305004495a9","hash":"364940dc181de4afca4e45e4a9b61324623b66b4"}
,"C:\\Users\\Hactiv8\\phase2\\W3\\IP-RMT46\\Server\\Controllers\\CartController.js": {"path":"C:\\Users\\Hactiv8\\phase2\\W3\\IP-RMT46\\Server\\Controllers\\CartController.js","statementMap":{"0":{"start":{"line":1,"column":26},"end":{"line":1,"column":46}},"1":{"start":{"line":5,"column":8},"end":{"line":18,"column":9}},"2":{"start":{"line":6,"column":24},"end":{"line":14,"column":12}},"3":{"start":{"line":15,"column":10},"end":{"line":15,"column":26}},"4":{"start":{"line":17,"column":10},"end":{"line":17,"column":22}},"5":{"start":{"line":22,"column":8},"end":{"line":28,"column":9}},"6":{"start":{"line":23,"column":25},"end":{"line":23,"column":35}},"7":{"start":{"line":24,"column":24},"end":{"line":24,"column":47}},"8":{"start":{"line":25,"column":10},"end":{"line":25,"column":26}},"9":{"start":{"line":27,"column":10},"end":{"line":27,"column":22}},"10":{"start":{"line":32,"column":8},"end":{"line":38,"column":9}},"11":{"start":{"line":34,"column":24},"end":{"line":34,"column":56}},"12":{"start":{"line":35,"column":10},"end":{"line":35,"column":38}},"13":{"start":{"line":37,"column":10},"end":{"line":37,"column":22}},"14":{"start":{"line":42,"column":25},"end":{"line":42,"column":35}},"15":{"start":{"line":43,"column":8},"end":{"line":55,"column":9}},"16":{"start":{"line":44,"column":24},"end":{"line":44,"column":47}},"17":{"start":{"line":45,"column":10},"end":{"line":49,"column":13}},"18":{"start":{"line":50,"column":10},"end":{"line":52,"column":56}},"19":{"start":{"line":54,"column":10},"end":{"line":54,"column":22}},"20":{"start":{"line":59,"column":23},"end":{"line":59,"column":33}},"21":{"start":{"line":60,"column":8},"end":{"line":68,"column":9}},"22":{"start":{"line":61,"column":24},"end":{"line":61,"column":47}},"23":{"start":{"line":62,"column":10},"end":{"line":62,"column":39}},"24":{"start":{"line":63,"column":10},"end":{"line":65,"column":56}},"25":{"start":{"line":67,"column":10},"end":{"line":67,"column":22}},"26":{"start":{"line":72,"column":0},"end":{"line":72,"column":31}}},"fnMap":{"0":{"name":"(anonymous_0)","decl":{"start":{"line":4,"column":4},"end":{"line":4,"column":5}},"loc":{"start":{"line":4,"column":45},"end":{"line":19,"column":7}},"line":4},"1":{"name":"(anonymous_1)","decl":{"start":{"line":21,"column":6},"end":{"line":21,"column":7}},"loc":{"start":{"line":21,"column":47},"end":{"line":29,"column":7}},"line":21},"2":{"name":"(anonymous_2)","decl":{"start":{"line":31,"column":6},"end":{"line":31,"column":7}},"loc":{"start":{"line":31,"column":47},"end":{"line":39,"column":7}},"line":31},"3":{"name":"(anonymous_3)","decl":{"start":{"line":41,"column":6},"end":{"line":41,"column":7}},"loc":{"start":{"line":41,"column":50},"end":{"line":56,"column":7}},"line":41},"4":{"name":"(anonymous_4)","decl":{"start":{"line":58,"column":6},"end":{"line":58,"column":7}},"loc":{"start":{"line":58,"column":50},"end":{"line":69,"column":7}},"line":58}},"branchMap":{},"s":{"0":5,"1":1,"2":1,"3":0,"4":1,"5":1,"6":1,"7":1,"8":1,"9":0,"10":2,"11":2,"12":1,"13":1,"14":1,"15":1,"16":1,"17":1,"18":0,"19":1,"20":0,"21":0,"22":0,"23":0,"24":0,"25":0,"26":5},"f":{"0":1,"1":1,"2":2,"3":1,"4":0},"b":{},"_coverageSchema":"1a1c01bbd47fc00a2c39e90264f33305004495a9","hash":"41e900937df7b9f1c0438a594c7abe4bb328702b"}
,"C:\\Users\\Hactiv8\\phase2\\W3\\IP-RMT46\\Server\\Controllers\\ProductController.js": {"path":"C:\\Users\\Hactiv8\\phase2\\W3\\IP-RMT46\\Server\\Controllers\\ProductController.js","statementMap":{"0":{"start":{"line":1,"column":19},"end":{"line":1,"column":39}},"1":{"start":{"line":5,"column":4},"end":{"line":10,"column":5}},"2":{"start":{"line":6,"column":23},"end":{"line":6,"column":46}},"3":{"start":{"line":7,"column":6},"end":{"line":7,"column":25}},"4":{"start":{"line":9,"column":6},"end":{"line":9,"column":18}},"5":{"start":{"line":14,"column":4},"end":{"line":25,"column":5}},"6":{"start":{"line":15,"column":21},"end":{"line":15,"column":31}},"7":{"start":{"line":16,"column":22},"end":{"line":16,"column":48}},"8":{"start":{"line":17,"column":6},"end":{"line":21,"column":7}},"9":{"start":{"line":18,"column":8},"end":{"line":20,"column":10}},"10":{"start":{"line":22,"column":6},"end":{"line":22,"column":24}},"11":{"start":{"line":24,"column":6},"end":{"line":24,"column":18}},"12":{"start":{"line":30,"column":0},"end":{"line":30,"column":35}}},"fnMap":{"0":{"name":"(anonymous_0)","decl":{"start":{"line":4,"column":2},"end":{"line":4,"column":3}},"loc":{"start":{"line":4,"column":45},"end":{"line":11,"column":3}},"line":4},"1":{"name":"(anonymous_1)","decl":{"start":{"line":13,"column":2},"end":{"line":13,"column":3}},"loc":{"start":{"line":13,"column":46},"end":{"line":26,"column":3}},"line":13}},"branchMap":{"0":{"loc":{"start":{"line":17,"column":6},"end":{"line":21,"column":7}},"type":"if","locations":[{"start":{"line":17,"column":6},"end":{"line":21,"column":7}},{"start":{},"end":{}}],"line":17}},"s":{"0":5,"1":1,"2":1,"3":1,"4":0,"5":1,"6":1,"7":1,"8":1,"9":0,"10":1,"11":0,"12":5},"f":{"0":1,"1":1},"b":{"0":[0,1]},"_coverageSchema":"1a1c01bbd47fc00a2c39e90264f33305004495a9","hash":"f443155be798760bb8034e484e194a012d9bfa1d"}
,"C:\\Users\\Hactiv8\\phase2\\W3\\IP-RMT46\\Server\\Controllers\\ProofController.js": {"path":"C:\\Users\\Hactiv8\\phase2\\W3\\IP-RMT46\\Server\\Controllers\\ProofController.js","statementMap":{"0":{"start":{"line":1,"column":18},"end":{"line":1,"column":38}},"1":{"start":{"line":3,"column":19},"end":{"line":3,"column":41}},"2":{"start":{"line":4,"column":16},"end":{"line":4,"column":35}},"3":{"start":{"line":5,"column":19},"end":{"line":5,"column":41}},"4":{"start":{"line":7,"column":19},"end":{"line":7,"column":43}},"5":{"start":{"line":8,"column":0},"end":{"line":12,"column":3}},"6":{"start":{"line":16,"column":3},"end":{"line":34,"column":2}},"7":{"start":{"line":17,"column":3},"end":{"line":17,"column":91}},"8":{"start":{"line":17,"column":18},"end":{"line":17,"column":91}},"9":{"start":{"line":19,"column":26},"end":{"line":19,"column":43}},"10":{"start":{"line":20,"column":22},"end":{"line":20,"column":69}},"11":{"start":{"line":21,"column":25},"end":{"line":21,"column":58}},"12":{"start":{"line":22,"column":27},"end":{"line":22,"column":58}},"13":{"start":{"line":23,"column":24},"end":{"line":25,"column":11}},"14":{"start":{"line":27,"column":23},"end":{"line":27,"column":58}},"15":{"start":{"line":28,"column":9},"end":{"line":28,"column":48}},"16":{"start":{"line":28,"column":21},"end":{"line":28,"column":48}},"17":{"start":{"line":30,"column":9},"end":{"line":30,"column":59}},"18":{"start":{"line":31,"column":9},"end":{"line":31,"column":73}},"19":{"start":{"line":33,"column":6},"end":{"line":33,"column":18}},"20":{"start":{"line":36,"column":0},"end":{"line":36,"column":33}}},"fnMap":{"0":{"name":"(anonymous_0)","decl":{"start":{"line":15,"column":2},"end":{"line":15,"column":3}},"loc":{"start":{"line":15,"column":41},"end":{"line":35,"column":3}},"line":15}},"branchMap":{"0":{"loc":{"start":{"line":17,"column":3},"end":{"line":17,"column":91}},"type":"if","locations":[{"start":{"line":17,"column":3},"end":{"line":17,"column":91}},{"start":{},"end":{}}],"line":17},"1":{"loc":{"start":{"line":28,"column":9},"end":{"line":28,"column":48}},"type":"if","locations":[{"start":{"line":28,"column":9},"end":{"line":28,"column":48}},{"start":{},"end":{}}],"line":28}},"s":{"0":5,"1":5,"2":5,"3":5,"4":5,"5":5,"6":2,"7":2,"8":2,"9":0,"10":0,"11":0,"12":0,"13":0,"14":0,"15":0,"16":0,"17":0,"18":0,"19":2,"20":5},"f":{"0":2},"b":{"0":[2,0],"1":[0,0]},"_coverageSchema":"1a1c01bbd47fc00a2c39e90264f33305004495a9","hash":"90bb46f38416a6eebcff306970cac89f92d69412"}
,"C:\\Users\\Hactiv8\\phase2\\W3\\IP-RMT46\\Server\\Controllers\\PublicController.js": {"path":"C:\\Users\\Hactiv8\\phase2\\W3\\IP-RMT46\\Server\\Controllers\\PublicController.js","statementMap":{"0":{"start":{"line":1,"column":18},"end":{"line":1,"column":38}},"1":{"start":{"line":4,"column":8},"end":{"line":20,"column":9}},"2":{"start":{"line":5,"column":27},"end":{"line":5,"column":36}},"3":{"start":{"line":6,"column":33},"end":{"line":6,"column":35}},"4":{"start":{"line":7,"column":12},"end":{"line":11,"column":13}},"5":{"start":{"line":8,"column":16},"end":{"line":10,"column":17}},"6":{"start":{"line":13,"column":24},"end":{"line":15,"column":13}},"7":{"start":{"line":17,"column":11},"end":{"line":17,"column":37}},"8":{"start":{"line":19,"column":12},"end":{"line":19,"column":23}},"9":{"start":{"line":24,"column":8},"end":{"line":36,"column":9}},"10":{"start":{"line":25,"column":25},"end":{"line":25,"column":35}},"11":{"start":{"line":26,"column":28},"end":{"line":26,"column":54}},"12":{"start":{"line":27,"column":12},"end":{"line":33,"column":13}},"13":{"start":{"line":28,"column":16},"end":{"line":30,"column":17}},"14":{"start":{"line":32,"column":16},"end":{"line":32,"column":45}},"15":{"start":{"line":35,"column":12},"end":{"line":35,"column":23}},"16":{"start":{"line":41,"column":0},"end":{"line":41,"column":33}}},"fnMap":{"0":{"name":"(anonymous_0)","decl":{"start":{"line":3,"column":4},"end":{"line":3,"column":5}},"loc":{"start":{"line":3,"column":47},"end":{"line":21,"column":5}},"line":3},"1":{"name":"(anonymous_1)","decl":{"start":{"line":23,"column":4},"end":{"line":23,"column":5}},"loc":{"start":{"line":23,"column":51},"end":{"line":37,"column":5}},"line":23}},"branchMap":{"0":{"loc":{"start":{"line":7,"column":12},"end":{"line":11,"column":13}},"type":"if","locations":[{"start":{"line":7,"column":12},"end":{"line":11,"column":13}},{"start":{},"end":{}}],"line":7},"1":{"loc":{"start":{"line":27,"column":12},"end":{"line":33,"column":13}},"type":"if","locations":[{"start":{"line":27,"column":12},"end":{"line":33,"column":13}},{"start":{"line":31,"column":17},"end":{"line":33,"column":13}}],"line":27}},"s":{"0":5,"1":1,"2":1,"3":1,"4":1,"5":0,"6":1,"7":1,"8":0,"9":2,"10":2,"11":2,"12":2,"13":1,"14":1,"15":1,"16":5},"f":{"0":1,"1":2},"b":{"0":[0,1],"1":[1,1]},"_coverageSchema":"1a1c01bbd47fc00a2c39e90264f33305004495a9","hash":"49a728b7a5fe63af394a20a8be31acc29365a7f6"}
,"C:\\Users\\Hactiv8\\phase2\\W3\\IP-RMT46\\Server\\Controllers\\UserController.js": {"path":"C:\\Users\\Hactiv8\\phase2\\W3\\IP-RMT46\\Server\\Controllers\\UserController.js","statementMap":{"0":{"start":{"line":1,"column":17},"end":{"line":1,"column":37}},"1":{"start":{"line":2,"column":42},"end":{"line":2,"column":70}},"2":{"start":{"line":3,"column":22},"end":{"line":3,"column":47}},"3":{"start":{"line":4,"column":23},"end":{"line":4,"column":53}},"4":{"start":{"line":5,"column":15},"end":{"line":5,"column":33}},"5":{"start":{"line":9,"column":8},"end":{"line":18,"column":9}},"6":{"start":{"line":10,"column":38},"end":{"line":10,"column":46}},"7":{"start":{"line":11,"column":21},"end":{"line":14,"column":12}},"8":{"start":{"line":15,"column":10},"end":{"line":15,"column":67}},"9":{"start":{"line":17,"column":10},"end":{"line":17,"column":21}},"10":{"start":{"line":22,"column":8},"end":{"line":57,"column":9}},"11":{"start":{"line":23,"column":36},"end":{"line":23,"column":44}},"12":{"start":{"line":24,"column":10},"end":{"line":30,"column":11}},"13":{"start":{"line":25,"column":12},"end":{"line":29,"column":14}},"14":{"start":{"line":32,"column":10},"end":{"line":38,"column":11}},"15":{"start":{"line":33,"column":12},"end":{"line":37,"column":14}},"16":{"start":{"line":40,"column":21},"end":{"line":44,"column":12}},"17":{"start":{"line":45,"column":10},"end":{"line":51,"column":11}},"18":{"start":{"line":46,"column":12},"end":{"line":50,"column":14}},"19":{"start":{"line":53,"column":22},"end":{"line":53,"column":48}},"20":{"start":{"line":54,"column":10},"end":{"line":54,"column":73}},"21":{"start":{"line":56,"column":12},"end":{"line":56,"column":23}},"22":{"start":{"line":61,"column":32},"end":{"line":61,"column":40}},"23":{"start":{"line":62,"column":8},"end":{"line":62,"column":58}},"24":{"start":{"line":63,"column":8},"end":{"line":88,"column":9}},"25":{"start":{"line":64,"column":25},"end":{"line":68,"column":12}},"26":{"start":{"line":69,"column":34},"end":{"line":69,"column":53}},"27":{"start":{"line":70,"column":27},"end":{"line":70,"column":51}},"28":{"start":{"line":71,"column":34},"end":{"line":79,"column":12}},"29":{"start":{"line":80,"column":10},"end":{"line":80,"column":73}},"30":{"start":{"line":82,"column":31},"end":{"line":82,"column":57}},"31":{"start":{"line":83,"column":10},"end":{"line":85,"column":75}},"32":{"start":{"line":87,"column":10},"end":{"line":87,"column":20}},"33":{"start":{"line":92,"column":0},"end":{"line":92,"column":31}}},"fnMap":{"0":{"name":"(anonymous_0)","decl":{"start":{"line":8,"column":4},"end":{"line":8,"column":5}},"loc":{"start":{"line":8,"column":41},"end":{"line":19,"column":7}},"line":8},"1":{"name":"(anonymous_1)","decl":{"start":{"line":21,"column":4},"end":{"line":21,"column":5}},"loc":{"start":{"line":21,"column":43},"end":{"line":58,"column":7}},"line":21},"2":{"name":"(anonymous_2)","decl":{"start":{"line":60,"column":6},"end":{"line":60,"column":7}},"loc":{"start":{"line":60,"column":47},"end":{"line":89,"column":7}},"line":60}},"branchMap":{"0":{"loc":{"start":{"line":24,"column":10},"end":{"line":30,"column":11}},"type":"if","locations":[{"start":{"line":24,"column":10},"end":{"line":30,"column":11}},{"start":{},"end":{}}],"line":24},"1":{"loc":{"start":{"line":32,"column":10},"end":{"line":38,"column":11}},"type":"if","locations":[{"start":{"line":32,"column":10},"end":{"line":38,"column":11}},{"start":{},"end":{}}],"line":32},"2":{"loc":{"start":{"line":45,"column":10},"end":{"line":51,"column":11}},"type":"if","locations":[{"start":{"line":45,"column":10},"end":{"line":51,"column":11}},{"start":{},"end":{}}],"line":45},"3":{"loc":{"start":{"line":45,"column":14},"end":{"line":45,"column":64}},"type":"binary-expr","locations":[{"start":{"line":45,"column":14},"end":{"line":45,"column":19}},{"start":{"line":45,"column":23},"end":{"line":45,"column":64}}],"line":45}},"s":{"0":5,"1":5,"2":5,"3":5,"4":5,"5":6,"6":6,"7":6,"8":1,"9":5,"10":5,"11":5,"12":5,"13":2,"14":3,"15":2,"16":1,"17":1,"18":0,"19":1,"20":1,"21":4,"22":0,"23":0,"24":0,"25":0,"26":0,"27":0,"28":0,"29":0,"30":0,"31":0,"32":0,"33":5},"f":{"0":6,"1":5,"2":0},"b":{"0":[2,3],"1":[2,1],"2":[0,1],"3":[1,1]},"_coverageSchema":"1a1c01bbd47fc00a2c39e90264f33305004495a9","hash":"d7d756a8651f919167e7440a9fc1189f06f41ba1"}
,"C:\\Users\\Hactiv8\\phase2\\W3\\IP-RMT46\\Server\\helpers\\bcrypt.js": {"path":"C:\\Users\\Hactiv8\\phase2\\W3\\IP-RMT46\\Server\\helpers\\bcrypt.js","statementMap":{"0":{"start":{"line":1,"column":32},"end":{"line":1,"column":51}},"1":{"start":{"line":3,"column":0},"end":{"line":7,"column":2}},"2":{"start":{"line":4,"column":32},"end":{"line":4,"column":54}},"3":{"start":{"line":6,"column":8},"end":{"line":6,"column":42}}},"fnMap":{"0":{"name":"(anonymous_0)","decl":{"start":{"line":4,"column":18},"end":{"line":4,"column":19}},"loc":{"start":{"line":4,"column":32},"end":{"line":4,"column":54}},"line":4},"1":{"name":"(anonymous_1)","decl":{"start":{"line":5,"column":21},"end":{"line":5,"column":22}},"loc":{"start":{"line":6,"column":8},"end":{"line":6,"column":42}},"line":6}},"branchMap":{},"s":{"0":5,"1":5,"2":10,"3":1},"f":{"0":10,"1":1},"b":{},"_coverageSchema":"1a1c01bbd47fc00a2c39e90264f33305004495a9","hash":"6369f162ac2ce0e91986bffc0781033343e93d8c"}
,"C:\\Users\\Hactiv8\\phase2\\W3\\IP-RMT46\\Server\\helpers\\jwt.js": {"path":"C:\\Users\\Hactiv8\\phase2\\W3\\IP-RMT46\\Server\\helpers\\jwt.js","statementMap":{"0":{"start":{"line":1,"column":21},"end":{"line":1,"column":44}},"1":{"start":{"line":2,"column":15},"end":{"line":2,"column":37}},"2":{"start":{"line":5,"column":4},"end":{"line":5,"column":45}},"3":{"start":{"line":9,"column":4},"end":{"line":9,"column":45}},"4":{"start":{"line":12,"column":0},"end":{"line":15,"column":1}}},"fnMap":{"0":{"name":"signToken","decl":{"start":{"line":4,"column":9},"end":{"line":4,"column":18}},"loc":{"start":{"line":4,"column":27},"end":{"line":6,"column":1}},"line":4},"1":{"name":"verifyToken","decl":{"start":{"line":8,"column":9},"end":{"line":8,"column":20}},"loc":{"start":{"line":8,"column":27},"end":{"line":10,"column":1}},"line":8}},"branchMap":{},"s":{"0":5,"1":5,"2":9,"3":14,"4":5},"f":{"0":9,"1":14},"b":{},"_coverageSchema":"1a1c01bbd47fc00a2c39e90264f33305004495a9","hash":"3b02308b5943d8e2f91ad1877c78053bdadb94fd"}
,"C:\\Users\\Hactiv8\\phase2\\W3\\IP-RMT46\\Server\\middlewares\\authentication.js": {"path":"C:\\Users\\Hactiv8\\phase2\\W3\\IP-RMT46\\Server\\middlewares\\authentication.js","statementMap":{"0":{"start":{"line":1,"column":17},"end":{"line":1,"column":37}},"1":{"start":{"line":2,"column":24},"end":{"line":2,"column":49}},"2":{"start":{"line":6,"column":2},"end":{"line":30,"column":3}},"3":{"start":{"line":7,"column":23},"end":{"line":7,"column":48}},"4":{"start":{"line":8,"column":4},"end":{"line":10,"column":5}},"5":{"start":{"line":9,"column":6},"end":{"line":9,"column":40}},"6":{"start":{"line":12,"column":24},"end":{"line":12,"column":47}},"7":{"start":{"line":13,"column":4},"end":{"line":15,"column":5}},"8":{"start":{"line":14,"column":6},"end":{"line":14,"column":40}},"9":{"start":{"line":17,"column":18},"end":{"line":17,"column":36}},"10":{"start":{"line":18,"column":15},"end":{"line":18,"column":46}},"11":{"start":{"line":19,"column":4},"end":{"line":21,"column":5}},"12":{"start":{"line":20,"column":6},"end":{"line":20,"column":40}},"13":{"start":{"line":23,"column":4},"end":{"line":26,"column":6}},"14":{"start":{"line":27,"column":4},"end":{"line":27,"column":11}},"15":{"start":{"line":29,"column":4},"end":{"line":29,"column":16}},"16":{"start":{"line":33,"column":0},"end":{"line":33,"column":32}}},"fnMap":{"0":{"name":"authentication","decl":{"start":{"line":4,"column":15},"end":{"line":4,"column":29}},"loc":{"start":{"line":4,"column":46},"end":{"line":31,"column":1}},"line":4}},"branchMap":{"0":{"loc":{"start":{"line":8,"column":4},"end":{"line":10,"column":5}},"type":"if","locations":[{"start":{"line":8,"column":4},"end":{"line":10,"column":5}},{"start":{},"end":{}}],"line":8},"1":{"loc":{"start":{"line":13,"column":4},"end":{"line":15,"column":5}},"type":"if","locations":[{"start":{"line":13,"column":4},"end":{"line":15,"column":5}},{"start":{},"end":{}}],"line":13},"2":{"loc":{"start":{"line":19,"column":4},"end":{"line":21,"column":5}},"type":"if","locations":[{"start":{"line":19,"column":4},"end":{"line":21,"column":5}},{"start":{},"end":{}}],"line":19}},"s":{"0":5,"1":5,"2":22,"3":22,"4":22,"5":8,"6":14,"7":14,"8":0,"9":14,"10":9,"11":9,"12":0,"13":9,"14":9,"15":13,"16":5},"f":{"0":22},"b":{"0":[8,14],"1":[0,14],"2":[0,9]},"_coverageSchema":"1a1c01bbd47fc00a2c39e90264f33305004495a9","hash":"cb8358f2c34d2abeb6b717f0f942efc01136c93b"}
,"C:\\Users\\Hactiv8\\phase2\\W3\\IP-RMT46\\Server\\middlewares\\errorHandler.js": {"path":"C:\\Users\\Hactiv8\\phase2\\W3\\IP-RMT46\\Server\\middlewares\\errorHandler.js","statementMap":{"0":{"start":{"line":1,"column":0},"end":{"line":28,"column":4}},"1":{"start":{"line":2,"column":17},"end":{"line":2,"column":36}},"2":{"start":{"line":3,"column":18},"end":{"line":3,"column":58}},"3":{"start":{"line":5,"column":4},"end":{"line":24,"column":5}},"4":{"start":{"line":8,"column":8},"end":{"line":8,"column":21}},"5":{"start":{"line":9,"column":8},"end":{"line":9,"column":42}},"6":{"start":{"line":10,"column":8},"end":{"line":10,"column":14}},"7":{"start":{"line":13,"column":8},"end":{"line":13,"column":21}},"8":{"start":{"line":14,"column":8},"end":{"line":14,"column":36}},"9":{"start":{"line":15,"column":8},"end":{"line":15,"column":14}},"10":{"start":{"line":17,"column":8},"end":{"line":17,"column":21}},"11":{"start":{"line":18,"column":8},"end":{"line":18,"column":30}},"12":{"start":{"line":19,"column":8},"end":{"line":19,"column":14}},"13":{"start":{"line":21,"column":8},"end":{"line":21,"column":21}},"14":{"start":{"line":22,"column":8},"end":{"line":22,"column":35}},"15":{"start":{"line":23,"column":8},"end":{"line":23,"column":14}},"16":{"start":{"line":25,"column":4},"end":{"line":27,"column":7}}},"fnMap":{"0":{"name":"(anonymous_0)","decl":{"start":{"line":1,"column":17},"end":{"line":1,"column":18}},"loc":{"start":{"line":1,"column":44},"end":{"line":28,"column":3}},"line":1}},"branchMap":{"0":{"loc":{"start":{"line":2,"column":17},"end":{"line":2,"column":36}},"type":"binary-expr","locations":[{"start":{"line":2,"column":17},"end":{"line":2,"column":29}},{"start":{"line":2,"column":33},"end":{"line":2,"column":36}}],"line":2},"1":{"loc":{"start":{"line":3,"column":18},"end":{"line":3,"column":58}},"type":"binary-expr","locations":[{"start":{"line":3,"column":18},"end":{"line":3,"column":31}},{"start":{"line":3,"column":35},"end":{"line":3,"column":58}}],"line":3},"2":{"loc":{"start":{"line":5,"column":4},"end":{"line":24,"column":5}},"type":"switch","locations":[{"start":{"line":6,"column":6},"end":{"line":6,"column":44}},{"start":{"line":7,"column":6},"end":{"line":10,"column":14}},{"start":{"line":11,"column":6},"end":{"line":11,"column":29}},{"start":{"line":12,"column":6},"end":{"line":15,"column":14}},{"start":{"line":16,"column":6},"end":{"line":19,"column":14}},{"start":{"line":20,"column":6},"end":{"line":23,"column":14}}],"line":5}},"s":{"0":5,"1":28,"2":28,"3":28,"4":6,"5":6,"6":6,"7":13,"8":13,"9":13,"10":0,"11":0,"12":0,"13":1,"14":1,"15":1,"16":28},"f":{"0":28},"b":{"0":[28,22],"1":[28,9],"2":[1,6,8,13,0,1]},"_coverageSchema":"1a1c01bbd47fc00a2c39e90264f33305004495a9","hash":"ec6cb1d470de89f53a3d7faf3862c2e4f15ed7a2"}
,"C:\\Users\\Hactiv8\\phase2\\W3\\IP-RMT46\\Server\\models\\cart.js": {"path":"C:\\Users\\Hactiv8\\phase2\\W3\\IP-RMT46\\Server\\models\\cart.js","statementMap":{"0":{"start":{"line":4,"column":4},"end":{"line":4,"column":24}},"1":{"start":{"line":5,"column":0},"end":{"line":55,"column":2}},"2":{"start":{"line":14,"column":6},"end":{"line":14,"column":57}},"3":{"start":{"line":15,"column":6},"end":{"line":15,"column":63}},"4":{"start":{"line":18,"column":2},"end":{"line":53,"column":5}},"5":{"start":{"line":54,"column":2},"end":{"line":54,"column":14}}},"fnMap":{"0":{"name":"(anonymous_0)","decl":{"start":{"line":5,"column":17},"end":{"line":5,"column":18}},"loc":{"start":{"line":5,"column":43},"end":{"line":55,"column":1}},"line":5},"1":{"name":"(anonymous_1)","decl":{"start":{"line":12,"column":4},"end":{"line":12,"column":5}},"loc":{"start":{"line":12,"column":29},"end":{"line":16,"column":5}},"line":12}},"branchMap":{},"s":{"0":5,"1":5,"2":5,"3":5,"4":5,"5":5},"f":{"0":5,"1":5},"b":{},"_coverageSchema":"1a1c01bbd47fc00a2c39e90264f33305004495a9","hash":"9ec9d831be80fa88ef90028d16f81324ec4b9875"}
,"C:\\Users\\Hactiv8\\phase2\\W3\\IP-RMT46\\Server\\models\\index.js": {"path":"C:\\Users\\Hactiv8\\phase2\\W3\\IP-RMT46\\Server\\models\\index.js","statementMap":{"0":{"start":{"line":3,"column":11},"end":{"line":3,"column":24}},"1":{"start":{"line":4,"column":13},"end":{"line":4,"column":28}},"2":{"start":{"line":5,"column":18},"end":{"line":5,"column":38}},"3":{"start":{"line":6,"column":16},"end":{"line":6,"column":34}},"4":{"start":{"line":7,"column":17},"end":{"line":7,"column":42}},"5":{"start":{"line":8,"column":12},"end":{"line":8,"column":49}},"6":{"start":{"line":9,"column":15},"end":{"line":9,"column":65}},"7":{"start":{"line":10,"column":11},"end":{"line":10,"column":13}},"8":{"start":{"line":13,"column":0},"end":{"line":17,"column":1}},"9":{"start":{"line":14,"column":2},"end":{"line":14,"column":74}},"10":{"start":{"line":16,"column":2},"end":{"line":16,"column":87}},"11":{"start":{"line":19,"column":0},"end":{"line":32,"column":5}},"12":{"start":{"line":22,"column":4},"end":{"line":27,"column":6}},"13":{"start":{"line":30,"column":18},"end":{"line":30,"column":85}},"14":{"start":{"line":31,"column":4},"end":{"line":31,"column":27}},"15":{"start":{"line":34,"column":0},"end":{"line":38,"column":3}},"16":{"start":{"line":35,"column":2},"end":{"line":37,"column":3}},"17":{"start":{"line":36,"column":4},"end":{"line":36,"column":32}},"18":{"start":{"line":40,"column":0},"end":{"line":40,"column":25}},"19":{"start":{"line":41,"column":0},"end":{"line":41,"column":25}},"20":{"start":{"line":43,"column":0},"end":{"line":43,"column":20}}},"fnMap":{"0":{"name":"(anonymous_0)","decl":{"start":{"line":21,"column":10},"end":{"line":21,"column":11}},"loc":{"start":{"line":21,"column":18},"end":{"line":28,"column":3}},"line":21},"1":{"name":"(anonymous_1)","decl":{"start":{"line":29,"column":11},"end":{"line":29,"column":12}},"loc":{"start":{"line":29,"column":19},"end":{"line":32,"column":3}},"line":29},"2":{"name":"(anonymous_2)","decl":{"start":{"line":34,"column":24},"end":{"line":34,"column":25}},"loc":{"start":{"line":34,"column":37},"end":{"line":38,"column":1}},"line":34}},"branchMap":{"0":{"loc":{"start":{"line":8,"column":12},"end":{"line":8,"column":49}},"type":"binary-expr","locations":[{"start":{"line":8,"column":12},"end":{"line":8,"column":32}},{"start":{"line":8,"column":36},"end":{"line":8,"column":49}}],"line":8},"1":{"loc":{"start":{"line":13,"column":0},"end":{"line":17,"column":1}},"type":"if","locations":[{"start":{"line":13,"column":0},"end":{"line":17,"column":1}},{"start":{"line":15,"column":7},"end":{"line":17,"column":1}}],"line":13},"2":{"loc":{"start":{"line":23,"column":6},"end":{"line":26,"column":37}},"type":"binary-expr","locations":[{"start":{"line":23,"column":6},"end":{"line":23,"column":29}},{"start":{"line":24,"column":6},"end":{"line":24,"column":23}},{"start":{"line":25,"column":6},"end":{"line":25,"column":30}},{"start":{"line":26,"column":6},"end":{"line":26,"column":37}}],"line":23},"3":{"loc":{"start":{"line":35,"column":2},"end":{"line":37,"column":3}},"type":"if","locations":[{"start":{"line":35,"column":2},"end":{"line":37,"column":3}},{"start":{},"end":{}}],"line":35}},"s":{"0":5,"1":5,"2":5,"3":5,"4":5,"5":5,"6":5,"7":5,"8":5,"9":0,"10":5,"11":5,"12":25,"13":20,"14":20,"15":5,"16":20,"17":20,"18":5,"19":5,"20":5},"f":{"0":25,"1":20,"2":20},"b":{"0":[5,0],"1":[0,5],"2":[25,25,20,20],"3":[20,0]},"_coverageSchema":"1a1c01bbd47fc00a2c39e90264f33305004495a9","hash":"10eb790a047d6d96fd1276b5b5c3aa4290192e3d"}
,"C:\\Users\\Hactiv8\\phase2\\W3\\IP-RMT46\\Server\\models\\product.js": {"path":"C:\\Users\\Hactiv8\\phase2\\W3\\IP-RMT46\\Server\\models\\product.js","statementMap":{"0":{"start":{"line":4,"column":4},"end":{"line":4,"column":24}},"1":{"start":{"line":5,"column":0},"end":{"line":63,"column":2}},"2":{"start":{"line":14,"column":6},"end":{"line":14,"column":61}},"3":{"start":{"line":17,"column":2},"end":{"line":61,"column":5}},"4":{"start":{"line":62,"column":2},"end":{"line":62,"column":17}}},"fnMap":{"0":{"name":"(anonymous_0)","decl":{"start":{"line":5,"column":17},"end":{"line":5,"column":18}},"loc":{"start":{"line":5,"column":43},"end":{"line":63,"column":1}},"line":5},"1":{"name":"(anonymous_1)","decl":{"start":{"line":12,"column":4},"end":{"line":12,"column":5}},"loc":{"start":{"line":12,"column":29},"end":{"line":15,"column":5}},"line":12}},"branchMap":{},"s":{"0":5,"1":5,"2":5,"3":5,"4":5},"f":{"0":5,"1":5},"b":{},"_coverageSchema":"1a1c01bbd47fc00a2c39e90264f33305004495a9","hash":"b382cba54198972e1f8a5387acf6856b665141b4"}
,"C:\\Users\\Hactiv8\\phase2\\W3\\IP-RMT46\\Server\\models\\proof.js": {"path":"C:\\Users\\Hactiv8\\phase2\\W3\\IP-RMT46\\Server\\models\\proof.js","statementMap":{"0":{"start":{"line":4,"column":4},"end":{"line":4,"column":24}},"1":{"start":{"line":5,"column":0},"end":{"line":45,"column":2}},"2":{"start":{"line":14,"column":6},"end":{"line":14,"column":58}},"3":{"start":{"line":17,"column":2},"end":{"line":43,"column":5}},"4":{"start":{"line":44,"column":2},"end":{"line":44,"column":15}}},"fnMap":{"0":{"name":"(anonymous_0)","decl":{"start":{"line":5,"column":17},"end":{"line":5,"column":18}},"loc":{"start":{"line":5,"column":43},"end":{"line":45,"column":1}},"line":5},"1":{"name":"(anonymous_1)","decl":{"start":{"line":12,"column":4},"end":{"line":12,"column":5}},"loc":{"start":{"line":12,"column":29},"end":{"line":15,"column":5}},"line":12}},"branchMap":{},"s":{"0":5,"1":5,"2":5,"3":5,"4":5},"f":{"0":5,"1":5},"b":{},"_coverageSchema":"1a1c01bbd47fc00a2c39e90264f33305004495a9","hash":"44d926d28dde37937975c6c6f6a7044d0dd7b70f"}
,"C:\\Users\\Hactiv8\\phase2\\W3\\IP-RMT46\\Server\\models\\user.js": {"path":"C:\\Users\\Hactiv8\\phase2\\W3\\IP-RMT46\\Server\\models\\user.js","statementMap":{"0":{"start":{"line":4,"column":4},"end":{"line":4,"column":24}},"1":{"start":{"line":5,"column":25},"end":{"line":5,"column":53}},"2":{"start":{"line":6,"column":0},"end":{"line":69,"column":2}},"3":{"start":{"line":15,"column":6},"end":{"line":15,"column":56}},"4":{"start":{"line":16,"column":6},"end":{"line":16,"column":55}},"5":{"start":{"line":19,"column":2},"end":{"line":67,"column":5}},"6":{"start":{"line":62,"column":8},"end":{"line":62,"column":52}},"7":{"start":{"line":68,"column":2},"end":{"line":68,"column":14}}},"fnMap":{"0":{"name":"(anonymous_0)","decl":{"start":{"line":6,"column":17},"end":{"line":6,"column":18}},"loc":{"start":{"line":6,"column":43},"end":{"line":69,"column":1}},"line":6},"1":{"name":"(anonymous_1)","decl":{"start":{"line":13,"column":4},"end":{"line":13,"column":5}},"loc":{"start":{"line":13,"column":29},"end":{"line":17,"column":5}},"line":13},"2":{"name":"(anonymous_2)","decl":{"start":{"line":61,"column":6},"end":{"line":61,"column":7}},"loc":{"start":{"line":61,"column":25},"end":{"line":63,"column":7}},"line":61}},"branchMap":{},"s":{"0":5,"1":5,"2":5,"3":5,"4":5,"5":5,"6":2,"7":5},"f":{"0":5,"1":5,"2":2},"b":{},"_coverageSchema":"1a1c01bbd47fc00a2c39e90264f33305004495a9","hash":"b634cb56a3f89c5ccc794f2b1cdffd283efe886b"}
,"C:\\Users\\Hactiv8\\phase2\\W3\\IP-RMT46\\Server\\router\\cart.js": {"path":"C:\\Users\\Hactiv8\\phase2\\W3\\IP-RMT46\\Server\\router\\cart.js","statementMap":{"0":{"start":{"line":1,"column":16},"end":{"line":1,"column":34}},"1":{"start":{"line":2,"column":15},"end":{"line":2,"column":31}},"2":{"start":{"line":3,"column":23},"end":{"line":3,"column":63}},"3":{"start":{"line":5,"column":23},"end":{"line":5,"column":63}},"4":{"start":{"line":7,"column":0},"end":{"line":7,"column":27}},"5":{"start":{"line":9,"column":0},"end":{"line":9,"column":44}},"6":{"start":{"line":10,"column":0},"end":{"line":10,"column":47}},"7":{"start":{"line":11,"column":0},"end":{"line":11,"column":45}},"8":{"start":{"line":12,"column":0},"end":{"line":12,"column":50}},"9":{"start":{"line":13,"column":0},"end":{"line":13,"column":53}},"10":{"start":{"line":15,"column":0},"end":{"line":15,"column":23}}},"fnMap":{},"branchMap":{},"s":{"0":5,"1":5,"2":5,"3":5,"4":5,"5":5,"6":5,"7":5,"8":5,"9":5,"10":5},"f":{},"b":{},"_coverageSchema":"1a1c01bbd47fc00a2c39e90264f33305004495a9","hash":"b4ebdf150629624e2d7049c8acaeecaa02311f0c"}
,"C:\\Users\\Hactiv8\\phase2\\W3\\IP-RMT46\\Server\\router\\index.js": {"path":"C:\\Users\\Hactiv8\\phase2\\W3\\IP-RMT46\\Server\\router\\index.js","statementMap":{"0":{"start":{"line":1,"column":16},"end":{"line":1,"column":35}},"1":{"start":{"line":2,"column":23},"end":{"line":2,"column":63}},"2":{"start":{"line":3,"column":15},"end":{"line":3,"column":31}},"3":{"start":{"line":5,"column":0},"end":{"line":5,"column":48}},"4":{"start":{"line":6,"column":0},"end":{"line":6,"column":47}},"5":{"start":{"line":7,"column":0},"end":{"line":7,"column":56}},"6":{"start":{"line":9,"column":0},"end":{"line":11,"column":5}},"7":{"start":{"line":10,"column":4},"end":{"line":10,"column":29}},"8":{"start":{"line":13,"column":0},"end":{"line":13,"column":42}},"9":{"start":{"line":15,"column":0},"end":{"line":15,"column":45}},"10":{"start":{"line":17,"column":0},"end":{"line":17,"column":38}},"11":{"start":{"line":19,"column":0},"end":{"line":19,"column":40}},"12":{"start":{"line":35,"column":0},"end":{"line":35,"column":23}}},"fnMap":{"0":{"name":"(anonymous_0)","decl":{"start":{"line":9,"column":16},"end":{"line":9,"column":17}},"loc":{"start":{"line":9,"column":30},"end":{"line":11,"column":3}},"line":9}},"branchMap":{},"s":{"0":5,"1":5,"2":5,"3":5,"4":5,"5":5,"6":5,"7":0,"8":5,"9":5,"10":5,"11":5,"12":5},"f":{"0":0},"b":{},"_coverageSchema":"1a1c01bbd47fc00a2c39e90264f33305004495a9","hash":"bdcb6928d9911991a9035e5fb1ac67954a72cb39"}
,"C:\\Users\\Hactiv8\\phase2\\W3\\IP-RMT46\\Server\\router\\product.js": {"path":"C:\\Users\\Hactiv8\\phase2\\W3\\IP-RMT46\\Server\\router\\product.js","statementMap":{"0":{"start":{"line":1,"column":16},"end":{"line":1,"column":34}},"1":{"start":{"line":2,"column":15},"end":{"line":2,"column":31}},"2":{"start":{"line":3,"column":23},"end":{"line":3,"column":63}},"3":{"start":{"line":4,"column":26},"end":{"line":4,"column":69}},"4":{"start":{"line":8,"column":0},"end":{"line":8,"column":26}},"5":{"start":{"line":11,"column":0},"end":{"line":11,"column":49}},"6":{"start":{"line":12,"column":0},"end":{"line":12,"column":53}},"7":{"start":{"line":16,"column":0},"end":{"line":16,"column":23}}},"fnMap":{},"branchMap":{},"s":{"0":5,"1":5,"2":5,"3":5,"4":5,"5":5,"6":5,"7":5},"f":{},"b":{},"_coverageSchema":"1a1c01bbd47fc00a2c39e90264f33305004495a9","hash":"885add482d0c5c94bafbe814df7d15ac09d1b36e"}
,"C:\\Users\\Hactiv8\\phase2\\W3\\IP-RMT46\\Server\\router\\proof.js": {"path":"C:\\Users\\Hactiv8\\phase2\\W3\\IP-RMT46\\Server\\router\\proof.js","statementMap":{"0":{"start":{"line":1,"column":16},"end":{"line":1,"column":34}},"1":{"start":{"line":2,"column":15},"end":{"line":2,"column":32}},"2":{"start":{"line":3,"column":15},"end":{"line":3,"column":58}},"3":{"start":{"line":4,"column":15},"end":{"line":4,"column":31}},"4":{"start":{"line":7,"column":23},"end":{"line":7,"column":63}},"5":{"start":{"line":9,"column":24},"end":{"line":9,"column":65}},"6":{"start":{"line":11,"column":0},"end":{"line":11,"column":26}},"7":{"start":{"line":13,"column":0},"end":{"line":13,"column":70}},"8":{"start":{"line":15,"column":0},"end":{"line":15,"column":23}}},"fnMap":{},"branchMap":{},"s":{"0":5,"1":5,"2":5,"3":5,"4":5,"5":5,"6":5,"7":5,"8":5},"f":{},"b":{},"_coverageSchema":"1a1c01bbd47fc00a2c39e90264f33305004495a9","hash":"ba1475e1be5ca1afa1e3fd252be68a9308237635"}
,"C:\\Users\\Hactiv8\\phase2\\W3\\IP-RMT46\\Server\\router\\public.js": {"path":"C:\\Users\\Hactiv8\\phase2\\W3\\IP-RMT46\\Server\\router\\public.js","statementMap":{"0":{"start":{"line":1,"column":16},"end":{"line":1,"column":34}},"1":{"start":{"line":2,"column":25},"end":{"line":2,"column":67}},"2":{"start":{"line":3,"column":15},"end":{"line":3,"column":31}},"3":{"start":{"line":5,"column":0},"end":{"line":5,"column":56}},"4":{"start":{"line":6,"column":0},"end":{"line":6,"column":64}},"5":{"start":{"line":8,"column":0},"end":{"line":8,"column":23}}},"fnMap":{},"branchMap":{},"s":{"0":5,"1":5,"2":5,"3":5,"4":5,"5":5},"f":{},"b":{},"_coverageSchema":"1a1c01bbd47fc00a2c39e90264f33305004495a9","hash":"1002a327351cf2418108ff77976172eb6afebe7e"}
}
