TN:
SF:app.js
FNF:0
FNH:0
DA:1,5
DA:2,5
DA:6,5
DA:7,5
DA:9,5
DA:10,5
DA:11,5
DA:13,5
DA:14,5
DA:15,5
DA:16,5
DA:18,5
DA:20,5
LF:13
LH:13
BRDA:1,0,0,5
BRDA:1,0,1,0
BRF:2
BRH:1
end_of_record
TN:
SF:Controllers\CartController.js
FN:4,(anonymous_0)
FN:21,(anonymous_1)
FN:31,(anonymous_2)
FN:41,(anonymous_3)
FN:58,(anonymous_4)
FNF:5
FNH:4
FNDA:1,(anonymous_0)
FNDA:1,(anonymous_1)
FNDA:2,(anonymous_2)
FNDA:1,(anonymous_3)
FNDA:0,(anonymous_4)
DA:1,5
DA:5,1
DA:6,1
DA:15,0
DA:17,1
DA:22,1
DA:23,1
DA:24,1
DA:25,1
DA:27,0
DA:32,2
DA:34,2
DA:35,1
DA:37,1
DA:42,1
DA:43,1
DA:44,1
DA:45,1
DA:50,0
DA:54,1
DA:59,0
DA:60,0
DA:61,0
DA:62,0
DA:63,0
DA:67,0
DA:72,5
LF:27
LH:18
BRF:0
BRH:0
end_of_record
TN:
SF:Controllers\ProductController.js
FN:4,(anonymous_0)
FN:13,(anonymous_1)
FNF:2
FNH:2
FNDA:1,(anonymous_0)
FNDA:1,(anonymous_1)
DA:1,5
DA:5,1
DA:6,1
DA:7,1
DA:9,0
DA:14,1
DA:15,1
DA:16,1
DA:17,1
DA:18,0
DA:22,1
DA:24,0
DA:30,5
LF:13
LH:10
BRDA:17,0,0,0
BRDA:17,0,1,1
BRF:2
BRH:1
end_of_record
TN:
SF:Controllers\ProofController.js
FN:15,(anonymous_0)
FNF:1
FNH:1
FNDA:2,(anonymous_0)
DA:1,5
DA:3,5
DA:4,5
DA:5,5
DA:7,5
DA:8,5
DA:16,2
DA:17,2
DA:19,0
DA:20,0
DA:21,0
DA:22,0
DA:23,0
DA:27,0
DA:28,0
DA:30,0
DA:31,0
DA:33,2
DA:36,5
LF:19
LH:10
BRDA:17,0,0,2
BRDA:17,0,1,0
BRDA:28,1,0,0
BRDA:28,1,1,0
BRF:4
BRH:1
end_of_record
TN:
SF:Controllers\PublicController.js
FN:3,(anonymous_0)
FN:23,(anonymous_1)
FNF:2
FNH:2
FNDA:1,(anonymous_0)
FNDA:2,(anonymous_1)
DA:1,5
DA:4,1
DA:5,1
DA:6,1
DA:7,1
DA:8,0
DA:13,1
DA:17,1
DA:19,0
DA:24,2
DA:25,2
DA:26,2
DA:27,2
DA:28,1
DA:32,1
DA:35,1
DA:41,5
LF:17
LH:15
BRDA:7,0,0,0
BRDA:7,0,1,1
BRDA:27,1,0,1
BRDA:27,1,1,1
BRF:4
BRH:3
end_of_record
TN:
SF:Controllers\UserController.js
FN:8,(anonymous_0)
FN:21,(anonymous_1)
FN:60,(anonymous_2)
FNF:3
FNH:2
FNDA:6,(anonymous_0)
FNDA:5,(anonymous_1)
FNDA:0,(anonymous_2)
DA:1,5
DA:2,5
DA:3,5
DA:4,5
DA:5,5
DA:9,6
DA:10,6
DA:11,6
DA:15,1
DA:17,5
DA:22,5
DA:23,5
DA:24,5
DA:25,2
DA:32,3
DA:33,2
DA:40,1
DA:45,1
DA:46,1
DA:53,0
DA:54,0
DA:56,5
DA:61,0
DA:62,0
DA:63,0
DA:64,0
DA:69,0
DA:70,0
DA:71,0
DA:80,0
DA:82,0
DA:83,0
DA:87,0
DA:92,5
LF:34
LH:21
BRDA:24,0,0,2
BRDA:24,0,1,3
BRDA:32,1,0,2
BRDA:32,1,1,1
BRDA:45,2,0,1
BRDA:45,2,1,0
BRDA:45,3,0,1
BRDA:45,3,1,0
BRF:8
BRH:6
end_of_record
TN:
SF:helpers\bcrypt.js
FN:4,(anonymous_0)
FN:5,(anonymous_1)
FNF:2
FNH:1
FNDA:10,(anonymous_0)
FNDA:0,(anonymous_1)
DA:1,5
DA:3,5
DA:4,10
DA:6,0
LF:4
LH:3
BRF:0
BRH:0
end_of_record
TN:
SF:helpers\jwt.js
FN:4,signToken
FN:8,verifyToken
FNF:2
FNH:2
FNDA:8,signToken
FNDA:14,verifyToken
DA:1,5
DA:2,5
DA:5,8
DA:9,14
DA:12,5
LF:5
LH:5
BRF:0
BRH:0
end_of_record
TN:
SF:middlewares\authentication.js
FN:4,authentication
FNF:1
FNH:1
FNDA:22,authentication
DA:1,5
DA:2,5
DA:6,22
DA:7,22
DA:8,22
DA:9,8
DA:12,14
DA:13,14
DA:14,0
DA:17,14
DA:18,9
DA:19,9
DA:20,0
DA:23,9
DA:27,9
DA:29,13
DA:33,5
LF:17
LH:15
BRDA:8,0,0,8
BRDA:8,0,1,14
BRDA:13,1,0,0
BRDA:13,1,1,14
BRDA:19,2,0,0
BRDA:19,2,1,9
BRF:6
BRH:4
end_of_record
TN:
SF:middlewares\errorHandler.js
FN:1,(anonymous_0)
FNF:1
FNH:1
FNDA:29,(anonymous_0)
DA:1,5
DA:2,29
DA:3,29
DA:5,29
DA:8,6
DA:9,6
DA:10,6
DA:13,13
DA:14,13
DA:15,13
DA:17,0
DA:18,0
DA:19,0
DA:21,1
DA:22,1
DA:23,1
DA:25,29
LF:17
LH:14
BRDA:2,0,0,29
BRDA:2,0,1,22
BRDA:3,1,0,29
BRDA:3,1,1,9
BRDA:5,2,0,1
BRDA:5,2,1,6
BRDA:5,2,2,8
BRDA:5,2,3,13
BRDA:5,2,4,0
BRDA:5,2,5,1
BRF:10
BRH:9
end_of_record
TN:
SF:models\cart.js
FN:5,(anonymous_0)
FN:12,(anonymous_1)
FNF:2
FNH:2
FNDA:5,(anonymous_0)
FNDA:5,(anonymous_1)
DA:4,5
DA:5,5
DA:14,5
DA:15,5
DA:18,5
DA:54,5
LF:6
LH:6
BRF:0
BRH:0
end_of_record
TN:
SF:models\index.js
FN:21,(anonymous_0)
FN:29,(anonymous_1)
FN:34,(anonymous_2)
FNF:3
FNH:3
FNDA:25,(anonymous_0)
FNDA:20,(anonymous_1)
FNDA:20,(anonymous_2)
DA:3,5
DA:4,5
DA:5,5
DA:6,5
DA:7,5
DA:8,5
DA:9,5
DA:10,5
DA:13,5
DA:14,0
DA:16,5
DA:19,5
DA:22,25
DA:30,20
DA:31,20
DA:34,5
DA:35,20
DA:36,20
DA:40,5
DA:41,5
DA:43,5
LF:21
LH:20
BRDA:8,0,0,5
BRDA:8,0,1,0
BRDA:13,1,0,0
BRDA:13,1,1,5
BRDA:23,2,0,25
BRDA:23,2,1,25
BRDA:23,2,2,20
BRDA:23,2,3,20
BRDA:35,3,0,20
BRDA:35,3,1,0
BRF:10
BRH:7
end_of_record
TN:
SF:models\product.js
FN:5,(anonymous_0)
FN:12,(anonymous_1)
FNF:2
FNH:2
FNDA:5,(anonymous_0)
FNDA:5,(anonymous_1)
DA:4,5
DA:5,5
DA:14,5
DA:17,5
DA:62,5
LF:5
LH:5
BRF:0
BRH:0
end_of_record
TN:
SF:models\proof.js
FN:5,(anonymous_0)
FN:12,(anonymous_1)
FNF:2
FNH:2
FNDA:5,(anonymous_0)
FNDA:5,(anonymous_1)
DA:4,5
DA:5,5
DA:14,5
DA:17,5
DA:44,5
LF:5
LH:5
BRF:0
BRH:0
end_of_record
TN:
SF:models\user.js
FN:6,(anonymous_0)
FN:13,(anonymous_1)
FN:61,(anonymous_2)
FNF:3
FNH:3
FNDA:5,(anonymous_0)
FNDA:5,(anonymous_1)
FNDA:2,(anonymous_2)
DA:4,5
DA:5,5
DA:6,5
DA:15,5
DA:16,5
DA:19,5
DA:62,2
DA:68,5
LF:8
LH:8
BRF:0
BRH:0
end_of_record
TN:
SF:router\cart.js
FNF:0
FNH:0
DA:1,5
DA:2,5
DA:3,5
DA:5,5
DA:7,5
DA:9,5
DA:10,5
DA:11,5
DA:12,5
DA:13,5
DA:15,5
LF:11
LH:11
BRF:0
BRH:0
end_of_record
TN:
SF:router\index.js
FN:9,(anonymous_0)
FNF:1
FNH:0
FNDA:0,(anonymous_0)
DA:1,5
DA:2,5
DA:3,5
DA:5,5
DA:6,5
DA:7,5
DA:9,5
DA:10,0
DA:13,5
DA:15,5
DA:17,5
DA:19,5
DA:35,5
LF:13
LH:12
BRF:0
BRH:0
end_of_record
TN:
SF:router\product.js
FNF:0
FNH:0
DA:1,5
DA:2,5
DA:3,5
DA:4,5
DA:8,5
DA:11,5
DA:12,5
DA:16,5
LF:8
LH:8
BRF:0
BRH:0
end_of_record
TN:
SF:router\proof.js
FNF:0
FNH:0
DA:1,5
DA:2,5
DA:3,5
DA:4,5
DA:7,5
DA:9,5
DA:11,5
DA:13,5
DA:15,5
LF:9
LH:9
BRF:0
BRH:0
end_of_record
TN:
SF:router\public.js
FNF:0
FNH:0
DA:1,5
DA:2,5
DA:3,5
DA:5,5
DA:6,5
DA:8,5
LF:6
LH:6
BRF:0
BRH:0
end_of_record
